<?xml version="1.0" encoding="UTF-8"?>
<robot generator="Robot 7.0 (Python 3.12.3 on win32)" generated="2024-05-28T11:08:41.426274" rpa="false" schemaversion="5">
<suite id="s1" name="Waits" source="C:\Users\Administrator\PycharmProjects\RoboFramework\Exercise\waits.robot">
<test id="s1-t1" name="VerifyWaits" line="7">
<kw name="Open Browser" owner="SeleniumLibrary">
<msg time="2024-05-28T11:08:41.754404" level="INFO">Opening browser 'Chrome' to base url 'https://the-internet.herokuapp.com/checkboxes'.</msg>
<arg>https://the-internet.herokuapp.com/checkboxes</arg>
<arg>Chrome</arg>
<doc>Opens a new browser instance to the optional ``url``.</doc>
<status status="PASS" start="2024-05-28T11:08:41.754404" elapsed="2.906855"/>
</kw>
<kw name="Sleep" owner="BuiltIn">
<msg time="2024-05-28T11:08:48.662561" level="INFO">Slept 4 seconds.</msg>
<arg>4s</arg>
<doc>Pauses the test executed for the given time.</doc>
<status status="PASS" start="2024-05-28T11:08:44.662265" elapsed="4.000296"/>
</kw>
<kw name="Wait Until Element Is Visible" owner="SeleniumLibrary">
<arg>xpath://h3[normalize-space()='Checkboxes']</arg>
<arg>timeout=5</arg>
<doc>Waits until the element ``locator`` is visible.</doc>
<status status="PASS" start="2024-05-28T11:08:48.662561" elapsed="0.042073"/>
</kw>
<kw name="Wait Until Element Is Visible" owner="SeleniumLibrary">
<arg>xpath:(//input[@type='checkbox'])[1]</arg>
<doc>Waits until the element ``locator`` is visible.</doc>
<status status="PASS" start="2024-05-28T11:08:48.704634" elapsed="0.028664"/>
</kw>
<status status="PASS" start="2024-05-28T11:08:41.754404" elapsed="6.979880"/>
</test>
<status status="PASS" start="2024-05-28T11:08:41.426274" elapsed="7.309670"/>
</suite>
<statistics>
<total>
<stat pass="1" fail="0" skip="0">All Tests</stat>
</total>
<tag>
</tag>
<suite>
<stat pass="1" fail="0" skip="0" id="s1" name="Waits">Waits</stat>
</suite>
</statistics>
<errors>
</errors>
</robot>
