<?xml version="1.0" encoding="UTF-8"?>
<robot generator="Robot 7.0 (Python 3.12.3 on win32)" generated="2024-05-28T15:54:28.464508" rpa="false" schemaversion="5">
<suite id="s1" name="Selenium" source="C:\Users\Administrator\PycharmProjects\RoboFramework\Selenium">
<suite id="s1-s1" name="Actions" source="C:\Users\Administrator\PycharmProjects\RoboFramework\Selenium\actions.robot">
<test id="s1-s1-t1" name="MouseActions" line="10">
<kw name="Open Browser" owner="SeleniumLibrary">
<msg time="2024-05-28T15:54:28.870281" level="INFO">Opening browser 'chrome' to base url 'https://swisnl.github.io/jQuery-contextMenu/demo.html'.</msg>
<arg>https://swisnl.github.io/jQuery-contextMenu/demo.html</arg>
<arg>${browser}</arg>
<doc>Opens a new browser instance to the optional ``url``.</doc>
<status status="PASS" start="2024-05-28T15:54:28.869281" elapsed="4.819299"/>
</kw>
<kw name="Maximize Browser Window" owner="SeleniumLibrary">
<doc>Maximizes current browser window.</doc>
<status status="PASS" start="2024-05-28T15:54:33.688580" elapsed="0.033516"/>
</kw>
<kw name="Open Context Menu" owner="SeleniumLibrary">
<arg>//span[text()='right click me']</arg>
<doc>Opens the context menu on the element identified by ``locator``.</doc>
<status status="PASS" start="2024-05-28T15:54:33.723096" elapsed="0.313127"/>
</kw>
<kw name="Sleep" owner="BuiltIn">
<msg time="2024-05-28T15:54:37.036960" level="INFO">Slept 3 seconds.</msg>
<arg>3s</arg>
<doc>Pauses the test executed for the given time.</doc>
<status status="PASS" start="2024-05-28T15:54:34.036223" elapsed="3.000737"/>
</kw>
<kw name="Go To" owner="SeleniumLibrary">
<msg time="2024-05-28T15:54:37.037955" level="INFO">Opening url 'https://testautomationpractice.blogspot.com/'</msg>
<arg>https://testautomationpractice.blogspot.com/</arg>
<doc>Navigates the current browser window to the provided ``url``.</doc>
<status status="PASS" start="2024-05-28T15:54:37.036960" elapsed="4.928594"/>
</kw>
<kw name="Maximize Browser Window" owner="SeleniumLibrary">
<doc>Maximizes current browser window.</doc>
<status status="PASS" start="2024-05-28T15:54:41.966540" elapsed="0.016001"/>
</kw>
<kw name="Double Click Element" owner="SeleniumLibrary">
<msg time="2024-05-28T15:54:41.983542" level="INFO">Double clicking element '//button[text()='Copy Text']'.</msg>
<arg>//button[text()='Copy Text']</arg>
<doc>Double clicks the element identified by ``locator``.</doc>
<status status="PASS" start="2024-05-28T15:54:41.982541" elapsed="0.434737"/>
</kw>
<kw name="Sleep" owner="BuiltIn">
<msg time="2024-05-28T15:54:45.418931" level="INFO">Slept 3 seconds.</msg>
<arg>3s</arg>
<doc>Pauses the test executed for the given time.</doc>
<status status="PASS" start="2024-05-28T15:54:42.417278" elapsed="3.001653"/>
</kw>
<kw name="Go To" owner="SeleniumLibrary">
<msg time="2024-05-28T15:54:45.418931" level="INFO">Opening url 'http://www.dhtmlgoodies.com/scripts/drag-drop-custom/demo-drag-drop-3.html'</msg>
<arg>http://www.dhtmlgoodies.com/scripts/drag-drop-custom/demo-drag-drop-3.html</arg>
<doc>Navigates the current browser window to the provided ``url``.</doc>
<status status="PASS" start="2024-05-28T15:54:45.418931" elapsed="4.258042"/>
</kw>
<kw name="Maximize Browser Window" owner="SeleniumLibrary">
<doc>Maximizes current browser window.</doc>
<status status="PASS" start="2024-05-28T15:54:49.677985" elapsed="0.002983"/>
</kw>
<kw name="Drag And Drop" owner="SeleniumLibrary">
<arg>id:box4</arg>
<arg>id:box104</arg>
<doc>Drags the element identified by ``locator`` into the ``target`` element.</doc>
<status status="PASS" start="2024-05-28T15:54:49.680968" elapsed="0.603295"/>
</kw>
<kw name="Sleep" owner="BuiltIn">
<msg time="2024-05-28T15:54:53.285456" level="INFO">Slept 3 seconds.</msg>
<arg>3s</arg>
<doc>Pauses the test executed for the given time.</doc>
<status status="PASS" start="2024-05-28T15:54:50.284263" elapsed="3.001193"/>
</kw>
<status status="PASS" start="2024-05-28T15:54:28.867274" elapsed="24.418182"/>
</test>
<status status="PASS" start="2024-05-28T15:54:28.530456" elapsed="24.756012"/>
</suite>
<suite id="s1-s2" name="Alerts" source="C:\Users\Administrator\PycharmProjects\RoboFramework\Selenium\alerts.robot">
<test id="s1-s2-t1" name="RadioButton" line="10">
<kw name="Open Browser" owner="SeleniumLibrary">
<msg time="2024-05-28T15:54:53.292463" level="INFO">Opening browser 'chrome' to base url 'https://chercher.tech/practice/practice-pop-ups-selenium-webdriver'.</msg>
<arg>${url}</arg>
<arg>${browser}</arg>
<doc>Opens a new browser instance to the optional ``url``.</doc>
<status status="PASS" start="2024-05-28T15:54:53.292463" elapsed="5.482517"/>
</kw>
<kw name="Maximize Browser Window" owner="SeleniumLibrary">
<doc>Maximizes current browser window.</doc>
<status status="PASS" start="2024-05-28T15:54:58.774980" elapsed="0.034144"/>
</kw>
<kw name="Sleep" owner="BuiltIn">
<msg time="2024-05-28T15:55:02.809613" level="INFO">Slept 4 seconds.</msg>
<arg>4s</arg>
<doc>Pauses the test executed for the given time.</doc>
<status status="PASS" start="2024-05-28T15:54:58.809124" elapsed="4.000489"/>
</kw>
<kw name="Click Element" owner="SeleniumLibrary">
<msg time="2024-05-28T15:55:02.810615" level="INFO">Clicking element 'xpath://input[@name='alert']'.</msg>
<arg>xpath://input[@name='alert']</arg>
<doc>Click the element identified by ``locator``.</doc>
<status status="PASS" start="2024-05-28T15:55:02.809613" elapsed="0.110221"/>
</kw>
<kw name="Sleep" owner="BuiltIn">
<msg time="2024-05-28T15:55:06.920322" level="INFO">Slept 4 seconds.</msg>
<arg>4s</arg>
<doc>Pauses the test executed for the given time.</doc>
<status status="PASS" start="2024-05-28T15:55:02.919834" elapsed="4.000488"/>
</kw>
<kw name="Handle Alert" owner="SeleniumLibrary">
<msg time="2024-05-28T15:55:06.921317" level="INFO">HANDLE::&lt;class 'datetime.timedelta'&gt;::0:00:03</msg>
<msg time="2024-05-28T15:55:06.927467" level="INFO">${alert_msg} = I am alert</msg>
<var>${alert_msg}</var>
<arg>action=ACCEPT</arg>
<arg>timeout=3</arg>
<doc>Handles the current alert and returns its message.</doc>
<status status="PASS" start="2024-05-28T15:55:06.920322" elapsed="0.007145"/>
</kw>
<kw name="Log To Console" owner="BuiltIn">
<arg>${alert_msg}</arg>
<doc>Logs the given message to the console.</doc>
<status status="PASS" start="2024-05-28T15:55:06.928471" elapsed="0.000000"/>
</kw>
<kw name="Click Element" owner="SeleniumLibrary">
<msg time="2024-05-28T15:55:06.928471" level="INFO">Clicking element 'xpath://input[@name='confirmation']'.</msg>
<arg>xpath://input[@name='confirmation']</arg>
<doc>Click the element identified by ``locator``.</doc>
<status status="PASS" start="2024-05-28T15:55:06.928471" elapsed="0.100100"/>
</kw>
<kw name="Sleep" owner="BuiltIn">
<msg time="2024-05-28T15:55:11.029527" level="INFO">Slept 4 seconds.</msg>
<arg>4s</arg>
<doc>Pauses the test executed for the given time.</doc>
<status status="PASS" start="2024-05-28T15:55:07.028571" elapsed="4.000956"/>
</kw>
<kw name="Handle Alert" owner="SeleniumLibrary">
<msg time="2024-05-28T15:55:11.029527" level="INFO">HANDLE::&lt;class 'datetime.timedelta'&gt;::0:00:03</msg>
<msg time="2024-05-28T15:55:11.035525" level="INFO">${alert_msg} = I am confirm</msg>
<var>${alert_msg}</var>
<arg>action=DISMISS</arg>
<arg>timeout=3</arg>
<doc>Handles the current alert and returns its message.</doc>
<status status="PASS" start="2024-05-28T15:55:11.029527" elapsed="0.005998"/>
</kw>
<kw name="Log To Console" owner="BuiltIn">
<arg>${alert_msg}</arg>
<doc>Logs the given message to the console.</doc>
<status status="PASS" start="2024-05-28T15:55:11.036536" elapsed="0.000000"/>
</kw>
<status status="PASS" start="2024-05-28T15:54:53.291464" elapsed="17.745072"/>
</test>
<status status="PASS" start="2024-05-28T15:54:53.287463" elapsed="17.750062"/>
</suite>
<suite id="s1-s3" name="Dropdown" source="C:\Users\Administrator\PycharmProjects\RoboFramework\Selenium\dropdown.robot">
<test id="s1-s3-t1" name="RadioButton" line="10">
<kw name="Open Browser" owner="SeleniumLibrary">
<msg time="2024-05-28T15:55:11.044528" level="INFO">Opening browser 'chrome' to base url 'https://the-internet.herokuapp.com/dropdown'.</msg>
<arg>${url}</arg>
<arg>${browser}</arg>
<doc>Opens a new browser instance to the optional ``url``.</doc>
<status status="PASS" start="2024-05-28T15:55:11.043522" elapsed="4.233980"/>
</kw>
<kw name="Maximize Browser Window" owner="SeleniumLibrary">
<doc>Maximizes current browser window.</doc>
<status status="PASS" start="2024-05-28T15:55:15.278506" elapsed="2.000817"/>
</kw>
<kw name="Sleep" owner="BuiltIn">
<msg time="2024-05-28T15:55:21.279425" level="INFO">Slept 4 seconds.</msg>
<arg>4s</arg>
<doc>Pauses the test executed for the given time.</doc>
<status status="PASS" start="2024-05-28T15:55:17.279323" elapsed="4.000102"/>
</kw>
<kw name="Wait Until Element Is Visible" owner="SeleniumLibrary">
<arg>id:dropdown</arg>
<arg>timeout=8</arg>
<doc>Waits until the element ``locator`` is visible.</doc>
<status status="PASS" start="2024-05-28T15:55:21.279425" elapsed="0.102319"/>
</kw>
<kw name="Sleep" owner="BuiltIn">
<msg time="2024-05-28T15:55:23.383638" level="INFO">Slept 2 seconds.</msg>
<arg>2s</arg>
<doc>Pauses the test executed for the given time.</doc>
<status status="PASS" start="2024-05-28T15:55:21.381744" elapsed="2.001894"/>
</kw>
<kw name="Select From List By Index" owner="SeleniumLibrary">
<msg time="2024-05-28T15:55:23.384631" level="INFO">Selecting options from selection list 'id:dropdown' by index 1.</msg>
<arg>id:dropdown</arg>
<arg>1</arg>
<doc>Selects options from selection list ``locator`` by ``indexes``.</doc>
<status status="PASS" start="2024-05-28T15:55:23.383638" elapsed="0.192574"/>
</kw>
<kw name="Sleep" owner="BuiltIn">
<msg time="2024-05-28T15:55:25.577641" level="INFO">Slept 2 seconds.</msg>
<arg>2s</arg>
<doc>Pauses the test executed for the given time.</doc>
<status status="PASS" start="2024-05-28T15:55:23.577212" elapsed="2.000429"/>
</kw>
<kw name="Select From List By Value" owner="SeleniumLibrary">
<msg time="2024-05-28T15:55:25.578678" level="INFO">Selecting options from selection list 'id:dropdown' by value 2.</msg>
<arg>id:dropdown</arg>
<arg>2</arg>
<doc>Selects options from selection list ``locator`` by ``values``.</doc>
<status status="PASS" start="2024-05-28T15:55:25.577641" elapsed="0.124858"/>
</kw>
<kw name="Sleep" owner="BuiltIn">
<msg time="2024-05-28T15:55:27.704483" level="INFO">Slept 2 seconds.</msg>
<arg>2s</arg>
<doc>Pauses the test executed for the given time.</doc>
<status status="PASS" start="2024-05-28T15:55:25.702499" elapsed="2.003000"/>
</kw>
<kw name="List Selection Should Be" owner="SeleniumLibrary">
<msg time="2024-05-28T15:55:27.706491" level="INFO">Verifying list 'id:dropdown' has option [ Option 2 ] selected.</msg>
<msg time="2024-05-28T15:55:27.723610" level="INFO">Current page contains list 'id:dropdown'.</msg>
<arg>id:dropdown</arg>
<arg>Option 2</arg>
<doc>Verifies selection list ``locator`` has ``expected`` options selected.</doc>
<status status="PASS" start="2024-05-28T15:55:27.705499" elapsed="0.114390"/>
</kw>
<status status="PASS" start="2024-05-28T15:55:11.043522" elapsed="16.777529"/>
</test>
<status status="PASS" start="2024-05-28T15:55:11.038525" elapsed="16.782526"/>
</suite>
<suite id="s1-s4" name="Filedownload" source="C:\Users\Administrator\PycharmProjects\RoboFramework\Selenium\filedownload.robot">
<test id="s1-s4-t1" name="Verify File Download" line="9">
<kw name="Open Browser" owner="SeleniumLibrary">
<msg time="2024-05-28T15:55:27.843205" level="INFO">Opening browser 'Chrome' to base url 'https://the-internet.herokuapp.com/download'.</msg>
<arg>https://the-internet.herokuapp.com/download</arg>
<arg>Chrome</arg>
<doc>Opens a new browser instance to the optional ``url``.</doc>
<status status="PASS" start="2024-05-28T15:55:27.843205" elapsed="7.265835"/>
</kw>
<kw name="Click Element" owner="SeleniumLibrary">
<msg time="2024-05-28T15:55:35.110041" level="INFO">Clicking element 'xpath://a[normalize-space()='selenium-snapshot.png']'.</msg>
<arg>xpath://a[normalize-space()='selenium-snapshot.png']</arg>
<doc>Click the element identified by ``locator``.</doc>
<status status="PASS" start="2024-05-28T15:55:35.109040" elapsed="0.355736"/>
</kw>
<kw name="Sleep" owner="BuiltIn">
<msg time="2024-05-28T15:55:38.465036" level="INFO">Slept 3 seconds.</msg>
<arg>3s</arg>
<doc>Pauses the test executed for the given time.</doc>
<status status="PASS" start="2024-05-28T15:55:35.464776" elapsed="3.000260"/>
</kw>
<kw name="List Files In Directory" owner="OperatingSystem">
<msg time="2024-05-28T15:55:38.465036" level="INFO" html="true">Listing contents of directory '&lt;a href="file://C:\Users\Public\Documents"&gt;C:\Users\Public\Documents&lt;/a&gt;'.</msg>
<msg time="2024-05-28T15:55:38.466036" level="INFO">2 files:
Capture.PNG
desktop.ini</msg>
<msg time="2024-05-28T15:55:38.466036" level="INFO">${files} = ['Capture.PNG', 'desktop.ini']</msg>
<var>${files}</var>
<arg>C:/Users/Public/Documents</arg>
<doc>Wrapper for `List Directory` that returns only files.</doc>
<status status="PASS" start="2024-05-28T15:55:38.465036" elapsed="0.001000"/>
</kw>
<kw name="Length Should Be" owner="BuiltIn">
<msg time="2024-05-28T15:55:38.467037" level="INFO">Length is 2.</msg>
<msg time="2024-05-28T15:55:38.467037" level="FAIL">Length of '['Capture.PNG', 'desktop.ini']' should be 1 but is 2.</msg>
<arg>${files}</arg>
<arg>1</arg>
<doc>Verifies that the length of the given item is correct.</doc>
<status status="FAIL" start="2024-05-28T15:55:38.466036" elapsed="0.001001">Length of '['Capture.PNG', 'desktop.ini']' should be 1 but is 2.</status>
</kw>
<kw name="Close Browser" owner="SeleniumLibrary">
<doc>Closes the current browser.</doc>
<status status="NOT RUN" start="2024-05-28T15:55:38.467037" elapsed="0.000000"/>
</kw>
<doc>This test case verifies that a user can successfully upload a file</doc>
<tag>Regression</tag>
<status status="FAIL" start="2024-05-28T15:55:27.842205" elapsed="10.625832">Length of '['Capture.PNG', 'desktop.ini']' should be 1 but is 2.</status>
</test>
<doc>File Upload Download in Robot Framework</doc>
<status status="FAIL" start="2024-05-28T15:55:27.822060" elapsed="10.645977"/>
</suite>
<suite id="s1-s5" name="Fileupload" source="C:\Users\Administrator\PycharmProjects\RoboFramework\Selenium\fileupload.robot">
<test id="s1-s5-t1" name="Verify File Upload" line="9">
<kw name="Open Browser" owner="SeleniumLibrary">
<msg time="2024-05-28T15:55:38.475036" level="INFO">Opening browser 'Chrome' to base url 'https://the-internet.herokuapp.com/upload'.</msg>
<arg>https://the-internet.herokuapp.com/upload</arg>
<arg>Chrome</arg>
<doc>Opens a new browser instance to the optional ``url``.</doc>
<status status="PASS" start="2024-05-28T15:55:38.475036" elapsed="6.446043"/>
</kw>
<kw name="Wait Until Element Is Visible" owner="SeleniumLibrary">
<arg>id:file-submit</arg>
<arg>timeout=5</arg>
<doc>Waits until the element ``locator`` is visible.</doc>
<status status="PASS" start="2024-05-28T15:55:44.922081" elapsed="0.043998"/>
</kw>
<kw name="Choose File" owner="SeleniumLibrary">
<msg time="2024-05-28T15:55:44.967078" level="INFO">Sending C:\Users\Public\Documents\Capture.png to browser.</msg>
<arg>id:file-upload</arg>
<arg>C:/Users/Public/Documents/Capture.png</arg>
<doc>Inputs the ``file_path`` into the file input field ``locator``.</doc>
<status status="PASS" start="2024-05-28T15:55:44.967078" elapsed="0.197617"/>
</kw>
<kw name="Click Element" owner="SeleniumLibrary">
<msg time="2024-05-28T15:55:45.165694" level="INFO">Clicking element 'id:file-submit'.</msg>
<arg>id:file-submit</arg>
<doc>Click the element identified by ``locator``.</doc>
<status status="PASS" start="2024-05-28T15:55:45.165694" elapsed="0.651993"/>
</kw>
<kw name="Sleep" owner="BuiltIn">
<msg time="2024-05-28T15:55:48.818383" level="INFO">Slept 3 seconds.</msg>
<arg>3s</arg>
<doc>Pauses the test executed for the given time.</doc>
<status status="PASS" start="2024-05-28T15:55:45.817687" elapsed="3.000696"/>
</kw>
<kw name="Element Text Should Be" owner="SeleniumLibrary">
<msg time="2024-05-28T15:55:48.820385" level="INFO">Verifying element 'tag:h3' contains exact text 'File Uploaded!'.</msg>
<arg>tag:h3</arg>
<arg>File Uploaded!</arg>
<arg>timeout=5</arg>
<doc>Verifies that element ``locator`` contains exact the text ``expected``.</doc>
<status status="PASS" start="2024-05-28T15:55:48.819388" elapsed="0.041222"/>
</kw>
<kw name="Element Text Should Be" owner="SeleniumLibrary">
<msg time="2024-05-28T15:55:48.860610" level="INFO">Verifying element 'id:uploaded-files' contains exact text 'image.png'.</msg>
<msg time="2024-05-28T15:55:48.978469" level="INFO" html="true">&lt;/td&gt;&lt;/tr&gt;&lt;tr&gt;&lt;td colspan="3"&gt;&lt;a href="selenium-screenshot-1.png"&gt;&lt;img src="selenium-screenshot-1.png" width="800px"&gt;&lt;/a&gt;</msg>
<msg time="2024-05-28T15:55:48.978469" level="FAIL">timeout=5</msg>
<arg>id:uploaded-files</arg>
<arg>image.png</arg>
<arg>timeout=5</arg>
<doc>Verifies that element ``locator`` contains exact the text ``expected``.</doc>
<status status="FAIL" start="2024-05-28T15:55:48.860610" elapsed="0.179816">timeout=5</status>
</kw>
<doc>This test case verifies that a user can successfully upload a file</doc>
<tag>Regression</tag>
<status status="FAIL" start="2024-05-28T15:55:38.474036" elapsed="10.567386">timeout=5</status>
</test>
<doc>File Upload Download in Robot Framework</doc>
<status status="FAIL" start="2024-05-28T15:55:38.469036" elapsed="10.573386"/>
</suite>
<suite id="s1-s6" name="Firstfile" source="C:\Users\Administrator\PycharmProjects\RoboFramework\Selenium\firstfile.robot">
<test id="s1-s6-t1" name="LoginTest" line="8">
<kw name="Open Browser" owner="SeleniumLibrary">
<msg time="2024-05-28T15:55:49.052426" level="INFO">Opening browser 'chrome' to base url 'https://opensource-demo.orangehrmlive.com/web/index.php/auth/login'.</msg>
<arg>${url}</arg>
<arg>${browser}</arg>
<doc>Opens a new browser instance to the optional ``url``.</doc>
<status status="PASS" start="2024-05-28T15:55:49.051426" elapsed="16.008773"/>
</kw>
<kw name="loginToapplication">
<kw name="Maximize Browser Window" owner="SeleniumLibrary">
<doc>Maximizes current browser window.</doc>
<status status="PASS" start="2024-05-28T15:56:05.062199" elapsed="0.035105"/>
</kw>
<kw name="Sleep" owner="BuiltIn">
<msg time="2024-05-28T15:56:09.099167" level="INFO">Slept 4 seconds.</msg>
<arg>4s</arg>
<doc>Pauses the test executed for the given time.</doc>
<status status="PASS" start="2024-05-28T15:56:05.098303" elapsed="4.000864"/>
</kw>
<kw name="Input Text" owner="SeleniumLibrary">
<msg time="2024-05-28T15:56:09.100167" level="INFO">Typing text 'Admin' into text field 'xpath://input[@name='username']'.</msg>
<arg>xpath://input[@name='username']</arg>
<arg>Admin</arg>
<doc>Types the given ``text`` into the text field identified by ``locator``.</doc>
<status status="PASS" start="2024-05-28T15:56:09.099167" elapsed="0.132223"/>
</kw>
<kw name="Input Text" owner="SeleniumLibrary">
<msg time="2024-05-28T15:56:09.231390" level="INFO">Typing text 'admin123' into text field 'xpath://input[@name='password']'.</msg>
<arg>xpath://input[@name='password']</arg>
<arg>admin123</arg>
<doc>Types the given ``text`` into the text field identified by ``locator``.</doc>
<status status="PASS" start="2024-05-28T15:56:09.231390" elapsed="0.136372"/>
</kw>
<kw name="Sleep" owner="BuiltIn">
<msg time="2024-05-28T15:56:13.368997" level="INFO">Slept 4 seconds.</msg>
<arg>4s</arg>
<doc>Pauses the test executed for the given time.</doc>
<status status="PASS" start="2024-05-28T15:56:09.368764" elapsed="4.000233"/>
</kw>
<kw name="Click Element" owner="SeleniumLibrary">
<msg time="2024-05-28T15:56:13.369998" level="INFO">Clicking element 'xpath://button[@type='submit']'.</msg>
<arg>xpath://button[@type='submit']</arg>
<doc>Click the element identified by ``locator``.</doc>
<status status="PASS" start="2024-05-28T15:56:13.368997" elapsed="1.472863"/>
</kw>
<kw name="Sleep" owner="BuiltIn">
<msg time="2024-05-28T15:56:16.843863" level="INFO">Slept 2 seconds.</msg>
<arg>2s</arg>
<doc>Pauses the test executed for the given time.</doc>
<status status="PASS" start="2024-05-28T15:56:14.842856" elapsed="2.001007"/>
</kw>
<status status="PASS" start="2024-05-28T15:56:05.061197" elapsed="11.782666"/>
</kw>
<kw name="Close Browser" owner="SeleniumLibrary">
<doc>Closes the current browser.</doc>
<status status="PASS" start="2024-05-28T15:56:16.843863" elapsed="2.228447"/>
</kw>
<status status="PASS" start="2024-05-28T15:55:49.050433" elapsed="30.022878"/>
</test>
<status status="PASS" start="2024-05-28T15:55:49.043423" elapsed="30.030888"/>
</suite>
<suite id="s1-s7" name="Frames" source="C:\Users\Administrator\PycharmProjects\RoboFramework\Selenium\frames.robot">
<test id="s1-s7-t1" name="Verify Frames" line="8">
<kw name="Open Browser" owner="SeleniumLibrary">
<msg time="2024-05-28T15:56:19.080314" level="INFO">Opening browser 'Chrome' to base url 'https://jqueryui.com/checkboxradio/'.</msg>
<arg>https://jqueryui.com/checkboxradio/</arg>
<arg>Chrome</arg>
<doc>Opens a new browser instance to the optional ``url``.</doc>
<status status="PASS" start="2024-05-28T15:56:19.080314" elapsed="4.857820"/>
</kw>
<kw name="Wait Until Element Is Visible" owner="SeleniumLibrary">
<arg>xpath://body/div[@id='container']/div[@id='logo-events']/h2[1]/a[1]</arg>
<arg>timeout=5</arg>
<doc>Waits until the element ``locator`` is visible.</doc>
<status status="PASS" start="2024-05-28T15:56:23.939132" elapsed="0.899124"/>
</kw>
<kw name="Select Frame" owner="SeleniumLibrary">
<msg time="2024-05-28T15:56:24.839257" level="INFO">Selecting frame 'xpath://iframe[@class='demo-frame']'.</msg>
<arg>xpath://iframe[@class='demo-frame']</arg>
<doc>Sets frame identified by ``locator`` as the current frame.</doc>
<status status="PASS" start="2024-05-28T15:56:24.839257" elapsed="0.046678"/>
</kw>
<kw name="Sleep" owner="BuiltIn">
<msg time="2024-05-28T15:56:28.886015" level="INFO">Slept 4 seconds.</msg>
<arg>4s</arg>
<doc>Pauses the test executed for the given time.</doc>
<status status="PASS" start="2024-05-28T15:56:24.885935" elapsed="4.000080"/>
</kw>
<kw name="Click Element" owner="SeleniumLibrary">
<msg time="2024-05-28T15:56:28.887016" level="INFO">Clicking element 'xpath://label[normalize-space()='New York']'.</msg>
<arg>xpath://label[normalize-space()='New York']</arg>
<doc>Click the element identified by ``locator``.</doc>
<status status="PASS" start="2024-05-28T15:56:28.886015" elapsed="0.144248"/>
</kw>
<status status="PASS" start="2024-05-28T15:56:19.079315" elapsed="9.951946"/>
</test>
<status status="PASS" start="2024-05-28T15:56:19.075316" elapsed="9.955945"/>
</suite>
<suite id="s1-s8" name="Radiobutton" source="C:\Users\Administrator\PycharmProjects\RoboFramework\Selenium\radiobutton.robot">
<test id="s1-s8-t1" name="RadioButton" line="10">
<kw name="Open Browser" owner="SeleniumLibrary">
<msg time="2024-05-28T15:56:29.039266" level="INFO">Opening browser 'chrome' to base url 'https://the-internet.herokuapp.com/checkboxes'.</msg>
<arg>${url}</arg>
<arg>${browser}</arg>
<doc>Opens a new browser instance to the optional ``url``.</doc>
<status status="PASS" start="2024-05-28T15:56:29.038261" elapsed="7.254290"/>
</kw>
<kw name="Maximize Browser Window" owner="SeleniumLibrary">
<doc>Maximizes current browser window.</doc>
<status status="PASS" start="2024-05-28T15:56:36.293543" elapsed="0.034014"/>
</kw>
<kw name="Sleep" owner="BuiltIn">
<msg time="2024-05-28T15:56:40.328244" level="INFO">Slept 4 seconds.</msg>
<arg>4s</arg>
<doc>Pauses the test executed for the given time.</doc>
<status status="PASS" start="2024-05-28T15:56:36.327557" elapsed="4.000687"/>
</kw>
<kw name="Click Element" owner="SeleniumLibrary">
<msg time="2024-05-28T15:56:40.329245" level="INFO">Clicking element 'xpath:(//input[@type='checkbox'])[1]'.</msg>
<arg>xpath:(//input[@type='checkbox'])[1]</arg>
<doc>Click the element identified by ``locator``.</doc>
<status status="PASS" start="2024-05-28T15:56:40.328244" elapsed="0.095312"/>
</kw>
<kw name="Sleep" owner="BuiltIn">
<msg time="2024-05-28T15:56:42.425206" level="INFO">Slept 2 seconds.</msg>
<arg>2s</arg>
<doc>Pauses the test executed for the given time.</doc>
<status status="PASS" start="2024-05-28T15:56:40.423556" elapsed="2.001650"/>
</kw>
<kw name="Click Element" owner="SeleniumLibrary">
<msg time="2024-05-28T15:56:42.426205" level="INFO">Clicking element 'xpath:(//input[@type='checkbox'])[2]'.</msg>
<arg>xpath:(//input[@type='checkbox'])[2]</arg>
<doc>Click the element identified by ``locator``.</doc>
<status status="PASS" start="2024-05-28T15:56:42.425206" elapsed="0.201626"/>
</kw>
<status status="PASS" start="2024-05-28T15:56:29.038261" elapsed="13.588571"/>
</test>
<status status="PASS" start="2024-05-28T15:56:29.032261" elapsed="13.595574"/>
</suite>
<suite id="s1-s9" name="Screenshot" source="C:\Users\Administrator\PycharmProjects\RoboFramework\Selenium\screenshot.robot">
<test id="s1-s9-t1" name="MouseHover_Tooltip_Validation" line="8">
<kw name="Open Browser" owner="SeleniumLibrary">
<msg time="2024-05-28T15:56:42.637973" level="INFO">Opening browser 'chrome' to base url 'http://www.dhtmlgoodies.com/scripts/ajax-tooltip/ajax-tooltip.html'.</msg>
<arg>http://www.dhtmlgoodies.com/scripts/ajax-tooltip/ajax-tooltip.html</arg>
<arg>chrome</arg>
<doc>Opens a new browser instance to the optional ``url``.</doc>
<status status="PASS" start="2024-05-28T15:56:42.635972" elapsed="4.845839"/>
</kw>
<kw name="Maximize Browser Window" owner="SeleniumLibrary">
<doc>Maximizes current browser window.</doc>
<status status="PASS" start="2024-05-28T15:56:47.482811" elapsed="2.055374"/>
</kw>
<kw name="Mouse Over" owner="SeleniumLibrary">
<msg time="2024-05-28T15:56:49.539185" level="INFO">Simulating Mouse Over on element '//td[text()='JS Calendar']/ancestor::tr//a[text()='Info']'.</msg>
<arg>//td[text()='JS Calendar']/ancestor::tr//a[text()='Info']</arg>
<doc>Simulates hovering the mouse over the element ``locator``.</doc>
<status status="PASS" start="2024-05-28T15:56:49.539185" elapsed="0.378628"/>
</kw>
<kw name="Sleep" owner="BuiltIn">
<msg time="2024-05-28T15:56:52.918838" level="INFO">Slept 3 seconds.</msg>
<arg>3s</arg>
<doc>Pauses the test executed for the given time.</doc>
<status status="PASS" start="2024-05-28T15:56:49.917813" elapsed="3.001025"/>
</kw>
<kw name="Element Should Contain" owner="SeleniumLibrary">
<msg time="2024-05-28T15:56:52.962834" level="INFO">Element 'id:ajax_tooltip_content' contains text 'JS Calendar'.</msg>
<arg>id:ajax_tooltip_content</arg>
<arg>JS Calendar</arg>
<arg>ignore_case=True</arg>
<doc>Verifies that element ``locator`` contains text ``expected``.</doc>
<status status="PASS" start="2024-05-28T15:56:52.918838" elapsed="0.043996"/>
</kw>
<kw name="Click Link" owner="SeleniumLibrary">
<msg time="2024-05-28T15:56:52.962834" level="INFO">Clicking link 'Close'.</msg>
<arg>Close</arg>
<doc>Clicks a link identified by ``locator``.</doc>
<status status="PASS" start="2024-05-28T15:56:52.962834" elapsed="0.100274"/>
</kw>
<status status="PASS" start="2024-05-28T15:56:42.634967" elapsed="10.428141"/>
</test>
<status status="PASS" start="2024-05-28T15:56:42.628834" elapsed="10.434274"/>
</suite>
<suite id="s1-s10" name="Tabverification" source="C:\Users\Administrator\PycharmProjects\RoboFramework\Selenium\tabverification.robot">
<test id="s1-s10-t1" name="Verify screenshot" line="5">
<kw name="Open Browser" owner="SeleniumLibrary">
<msg time="2024-05-28T15:56:53.069303" level="INFO">Opening browser 'Chrome' to base url 'https://the-internet.herokuapp.com/windows'.</msg>
<arg>https://the-internet.herokuapp.com/windows</arg>
<arg>Chrome</arg>
<doc>Opens a new browser instance to the optional ``url``.</doc>
<status status="PASS" start="2024-05-28T15:56:53.069303" elapsed="6.159110"/>
</kw>
<kw name="Wait Until Element Is Visible" owner="SeleniumLibrary">
<arg>xpath://h3[normalize-space()='Opening a new window']</arg>
<arg>timeout=5</arg>
<doc>Waits until the element ``locator`` is visible.</doc>
<status status="PASS" start="2024-05-28T15:56:59.228413" elapsed="0.045403"/>
</kw>
<kw name="Click Element" owner="SeleniumLibrary">
<msg time="2024-05-28T15:56:59.273816" level="INFO">Clicking element 'xpath://a[normalize-space()='Click Here']'.</msg>
<arg>xpath://a[normalize-space()='Click Here']</arg>
<doc>Click the element identified by ``locator``.</doc>
<status status="PASS" start="2024-05-28T15:56:59.273816" elapsed="0.150525"/>
</kw>
<kw name="Sleep" owner="BuiltIn">
<msg time="2024-05-28T15:57:02.424615" level="INFO">Slept 3 seconds.</msg>
<arg>3s</arg>
<doc>Pauses the test executed for the given time.</doc>
<status status="PASS" start="2024-05-28T15:56:59.424341" elapsed="3.000274"/>
</kw>
<kw name="Switch Window" owner="SeleniumLibrary">
<arg>title:New Window</arg>
<doc>Switches to browser window matching ``locator``.</doc>
<status status="PASS" start="2024-05-28T15:57:02.424615" elapsed="0.108021"/>
</kw>
<kw name="Element Text Should Be" owner="SeleniumLibrary">
<msg time="2024-05-28T15:57:02.532636" level="INFO">Verifying element '//h3[normalize-space()='New Window']' contains exact text 'New Window'.</msg>
<arg>//h3[normalize-space()='New Window']</arg>
<arg>New Window</arg>
<doc>Verifies that element ``locator`` contains exact the text ``expected``.</doc>
<status status="PASS" start="2024-05-28T15:57:02.532636" elapsed="0.041005"/>
</kw>
<kw name="Sleep" owner="BuiltIn">
<msg time="2024-05-28T15:57:05.573899" level="INFO">Slept 3 seconds.</msg>
<arg>3s</arg>
<doc>Pauses the test executed for the given time.</doc>
<status status="PASS" start="2024-05-28T15:57:02.573641" elapsed="3.000258"/>
</kw>
<kw name="Switch Window" owner="SeleniumLibrary">
<arg>title:The Internet</arg>
<doc>Switches to browser window matching ``locator``.</doc>
<status status="PASS" start="2024-05-28T15:57:05.573899" elapsed="0.041995"/>
</kw>
<kw name="Wait Until Element Is Visible" owner="SeleniumLibrary">
<arg>xpath://h3[normalize-space()='Opening a new window']</arg>
<doc>Waits until the element ``locator`` is visible.</doc>
<status status="PASS" start="2024-05-28T15:57:05.615894" elapsed="0.028997"/>
</kw>
<kw name="Sleep" owner="BuiltIn">
<msg time="2024-05-28T15:57:08.645011" level="INFO">Slept 3 seconds.</msg>
<arg>3s</arg>
<doc>Pauses the test executed for the given time.</doc>
<status status="PASS" start="2024-05-28T15:57:05.644891" elapsed="3.000120"/>
</kw>
<kw name="Close Browser" owner="SeleniumLibrary">
<doc>Closes the current browser.</doc>
<status status="PASS" start="2024-05-28T15:57:08.645011" elapsed="2.187086"/>
</kw>
<status status="PASS" start="2024-05-28T15:56:53.068297" elapsed="17.765196"/>
</test>
<status status="PASS" start="2024-05-28T15:56:53.064106" elapsed="17.770534"/>
</suite>
<suite id="s1-s11" name="ToolTip" source="C:\Users\Administrator\PycharmProjects\RoboFramework\Selenium\ToolTip.robot">
<test id="s1-s11-t1" name="Verify screenshot" line="6">
<kw name="Open Browser" owner="SeleniumLibrary">
<msg time="2024-05-28T15:57:10.841033" level="INFO">Opening browser 'Chrome' to base url 'https://the-internet.herokuapp.com'.</msg>
<arg>https://the-internet.herokuapp.com</arg>
<arg>Chrome</arg>
<doc>Opens a new browser instance to the optional ``url``.</doc>
<status status="PASS" start="2024-05-28T15:57:10.841033" elapsed="4.949304"/>
</kw>
<kw name="Wait Until Element Is Visible" owner="SeleniumLibrary">
<arg>xpath://h1[normalize-space()='Welcome to the-internet']</arg>
<arg>timeout=5</arg>
<doc>Waits until the element ``locator`` is visible.</doc>
<status status="PASS" start="2024-05-28T15:57:15.790337" elapsed="0.035310"/>
</kw>
<kw name="Capture Page Screenshot" owner="SeleniumLibrary">
<msg time="2024-05-28T15:57:15.907701" level="INFO" html="true">&lt;/td&gt;&lt;/tr&gt;&lt;tr&gt;&lt;td colspan="3"&gt;&lt;a href="../../../../Harsha%20Patil/Documents/Drivers/wipro/data.png"&gt;&lt;img src="../../../../Harsha%20Patil/Documents/Drivers/wipro/data.png" width="800px"&gt;&lt;/a&gt;</msg>
<arg>C:/Users/Harsha Patil/Documents/Drivers/wipro/data.png</arg>
<doc>Takes a screenshot of the current page and embeds it into a log file.</doc>
<status status="PASS" start="2024-05-28T15:57:15.825647" elapsed="0.082054"/>
</kw>
<kw name="Capture Element Screenshot" owner="SeleniumLibrary">
<msg time="2024-05-28T15:57:16.031913" level="INFO" html="true">&lt;/td&gt;&lt;/tr&gt;&lt;tr&gt;&lt;td colspan="3"&gt;&lt;a href="../../../../Harsha%20Patil/Documents/Drivers/wipro/data1.png"&gt;&lt;img src="../../../../Harsha%20Patil/Documents/Drivers/wipro/data1.png" width="400px"&gt;&lt;/a&gt;</msg>
<arg>xpath://h2[normalize-space()='Available Examples']</arg>
<arg>C:/Users/Harsha Patil/Documents/Drivers/wipro/data1.png</arg>
<doc>Captures a screenshot from the element identified by ``locator`` and embeds it into log file.</doc>
<status status="PASS" start="2024-05-28T15:57:15.907701" elapsed="0.124212"/>
</kw>
<kw name="Close Browser" owner="SeleniumLibrary">
<doc>Closes the current browser.</doc>
<status status="PASS" start="2024-05-28T15:57:16.031913" elapsed="2.178953"/>
</kw>
<status status="PASS" start="2024-05-28T15:57:10.840025" elapsed="7.370841"/>
</test>
<status status="PASS" start="2024-05-28T15:57:10.835385" elapsed="7.376481"/>
</suite>
<suite id="s1-s12" name="Variables" source="C:\Users\Administrator\PycharmProjects\RoboFramework\Selenium\variables.robot">
<test id="s1-s12-t1" name="Test Case 1" line="11">
<kw name="Log" owner="BuiltIn">
<msg time="2024-05-28T15:57:18.216873" level="INFO">John</msg>
<arg>${sc_var}</arg>
<doc>Logs the given message with the given level.</doc>
<status status="PASS" start="2024-05-28T15:57:18.216873" elapsed="0.000000"/>
</kw>
<kw name="Log" owner="BuiltIn">
<msg time="2024-05-28T15:57:18.217868" level="INFO">Apple Banana Orange</msg>
<arg>@{my_list}</arg>
<doc>Logs the given message with the given level.</doc>
<status status="PASS" start="2024-05-28T15:57:18.216873" elapsed="0.000995"/>
</kw>
<kw name="Log" owner="BuiltIn">
<msg time="2024-05-28T15:57:18.217868" level="FAIL">Keyword 'BuiltIn.Log' expected 1 to 6 arguments, got 0.</msg>
<arg>&amp;{my_dict}</arg>
<doc>Logs the given message with the given level.</doc>
<status status="FAIL" start="2024-05-28T15:57:18.217868" elapsed="0.000000">Keyword 'BuiltIn.Log' expected 1 to 6 arguments, got 0.</status>
</kw>
<for flavor="IN">
<iter>
<kw name="Log" owner="BuiltIn">
<arg>${item}</arg>
<doc>Logs the given message with the given level.</doc>
<status status="NOT RUN" start="2024-05-28T15:57:18.218878" elapsed="0.000000"/>
</kw>
<kw name="Log" owner="BuiltIn">
<arg>${my_dict}[name]</arg>
<doc>Logs the given message with the given level.</doc>
<status status="NOT RUN" start="2024-05-28T15:57:18.218878" elapsed="0.000000"/>
</kw>
<kw name="Log" owner="BuiltIn">
<arg>${my_dict}[password]</arg>
<doc>Logs the given message with the given level.</doc>
<status status="NOT RUN" start="2024-05-28T15:57:18.218878" elapsed="0.000000"/>
</kw>
<for flavor="IN">
<iter>
<kw name="Log Many" owner="BuiltIn">
<arg>${key}</arg>
<arg>${value}</arg>
<doc>Logs the given messages as separate entries using the INFO level.</doc>
<status status="NOT RUN" start="2024-05-28T15:57:18.219879" elapsed="0.000000"/>
</kw>
<var name="${key}"/>
<var name="${value}"/>
<status status="NOT RUN" start="2024-05-28T15:57:18.219879" elapsed="0.000000"/>
</iter>
<var>${key}</var>
<var>${value}</var>
<value>&amp;{my_dict}</value>
<status status="NOT RUN" start="2024-05-28T15:57:18.218878" elapsed="0.001001"/>
</for>
<var name="${item}"/>
<status status="NOT RUN" start="2024-05-28T15:57:18.218878" elapsed="0.001001"/>
</iter>
<var>${item}</var>
<value>@{my_list}</value>
<status status="NOT RUN" start="2024-05-28T15:57:18.217868" elapsed="0.002011"/>
</for>
<status status="FAIL" start="2024-05-28T15:57:18.215867" elapsed="0.004012">Keyword 'BuiltIn.Log' expected 1 to 6 arguments, got 0.</status>
</test>
<status status="FAIL" start="2024-05-28T15:57:18.212868" elapsed="0.008013"/>
</suite>
<status status="FAIL" start="2024-05-28T15:54:28.467507" elapsed="169.754369"/>
</suite>
<statistics>
<total>
<stat pass="9" fail="3" skip="0">All Tests</stat>
</total>
<tag>
<stat pass="0" fail="2" skip="0">Regression</stat>
</tag>
<suite>
<stat pass="9" fail="3" skip="0" id="s1" name="Selenium">Selenium</stat>
<stat pass="1" fail="0" skip="0" id="s1-s1" name="Actions">Selenium.Actions</stat>
<stat pass="1" fail="0" skip="0" id="s1-s2" name="Alerts">Selenium.Alerts</stat>
<stat pass="1" fail="0" skip="0" id="s1-s3" name="Dropdown">Selenium.Dropdown</stat>
<stat pass="0" fail="1" skip="0" id="s1-s4" name="Filedownload">Selenium.Filedownload</stat>
<stat pass="0" fail="1" skip="0" id="s1-s5" name="Fileupload">Selenium.Fileupload</stat>
<stat pass="1" fail="0" skip="0" id="s1-s6" name="Firstfile">Selenium.Firstfile</stat>
<stat pass="1" fail="0" skip="0" id="s1-s7" name="Frames">Selenium.Frames</stat>
<stat pass="1" fail="0" skip="0" id="s1-s8" name="Radiobutton">Selenium.Radiobutton</stat>
<stat pass="1" fail="0" skip="0" id="s1-s9" name="Screenshot">Selenium.Screenshot</stat>
<stat pass="1" fail="0" skip="0" id="s1-s10" name="Tabverification">Selenium.Tabverification</stat>
<stat pass="1" fail="0" skip="0" id="s1-s11" name="ToolTip">Selenium.ToolTip</stat>
<stat pass="0" fail="1" skip="0" id="s1-s12" name="Variables">Selenium.Variables</stat>
</suite>
</statistics>
<errors>
</errors>
</robot>
